
CRITICAL - 2025-10-22 16:38:49 --> Error: Call to undefined function form_open()
[Method: GET, Route: account]
in APPPATH/Views/account/index.php on line 285.
 1 SYSTEMPATH/View/View.php(226): include()
 2 SYSTEMPATH/View/View.php(229): CodeIgniter\View\View->{closure:CodeIgniter\View\View::render():223}()
 3 SYSTEMPATH/Common.php(1167): CodeIgniter\View\View->render('account/index', [], true)
 4 APPPATH/Controllers/AccountController.php(94): view('account/index', [...])
 5 SYSTEMPATH/CodeIgniter.php(933): App\Controllers\AccountController->index()
 6 SYSTEMPATH/CodeIgniter.php(507): CodeIgniter\CodeIgniter->runController(Object(App\Controllers\AccountController))
 7 SYSTEMPATH/CodeIgniter.php(354): CodeIgniter\CodeIgniter->handleRequest(null, Object(Config\Cache), false)
 8 SYSTEMPATH/Boot.php(363): CodeIgniter\CodeIgniter->run()
 9 SYSTEMPATH/Boot.php(68): CodeIgniter\Boot::runCodeIgniter(Object(CodeIgniter\CodeIgniter))
10 FCPATH/index.php(59): CodeIgniter\Boot::bootWeb(Object(Config\Paths))
CRITICAL - 2025-10-22 16:42:02 --> ErrorException: Undefined variable $user
[Method: GET, Route: account]
in APPPATH/Controllers/AccountController.php on line 39.
 1 APPPATH/Controllers/AccountController.php(39): CodeIgniter\Debug\Exceptions->errorHandler(2, 'Undefined variable $user', '/Users/nehemia/Documents/DEV/codeigniter/app/Controllers/AccountController.php', 39)
 2 SYSTEMPATH/CodeIgniter.php(933): App\Controllers\AccountController->index()
 3 SYSTEMPATH/CodeIgniter.php(507): CodeIgniter\CodeIgniter->runController(Object(App\Controllers\AccountController))
 4 SYSTEMPATH/CodeIgniter.php(354): CodeIgniter\CodeIgniter->handleRequest(null, Object(Config\Cache), false)
 5 SYSTEMPATH/Boot.php(363): CodeIgniter\CodeIgniter->run()
 6 SYSTEMPATH/Boot.php(68): CodeIgniter\Boot::runCodeIgniter(Object(CodeIgniter\CodeIgniter))
 7 FCPATH/index.php(59): CodeIgniter\Boot::bootWeb(Object(Config\Paths))
CRITICAL - 2025-10-22 16:42:06 --> ErrorException: Undefined variable $user
[Method: GET, Route: account]
in APPPATH/Controllers/AccountController.php on line 39.
 1 APPPATH/Controllers/AccountController.php(39): CodeIgniter\Debug\Exceptions->errorHandler(2, 'Undefined variable $user', '/Users/nehemia/Documents/DEV/codeigniter/app/Controllers/AccountController.php', 39)
 2 SYSTEMPATH/CodeIgniter.php(933): App\Controllers\AccountController->index()
 3 SYSTEMPATH/CodeIgniter.php(507): CodeIgniter\CodeIgniter->runController(Object(App\Controllers\AccountController))
 4 SYSTEMPATH/CodeIgniter.php(354): CodeIgniter\CodeIgniter->handleRequest(null, Object(Config\Cache), false)
 5 SYSTEMPATH/Boot.php(363): CodeIgniter\CodeIgniter->run()
 6 SYSTEMPATH/Boot.php(68): CodeIgniter\Boot::runCodeIgniter(Object(CodeIgniter\CodeIgniter))
 7 FCPATH/index.php(59): CodeIgniter\Boot::bootWeb(Object(Config\Paths))
CRITICAL - 2025-10-22 16:42:15 --> Error: Call to undefined function form_open()
[Method: GET, Route: account]
in APPPATH/Views/account/index.php on line 285.
 1 SYSTEMPATH/View/View.php(226): include()
 2 SYSTEMPATH/View/View.php(229): CodeIgniter\View\View->{closure:CodeIgniter\View\View::render():223}()
 3 SYSTEMPATH/Common.php(1167): CodeIgniter\View\View->render('account/index', [], true)
 4 APPPATH/Controllers/AccountController.php(94): view('account/index', [...])
 5 SYSTEMPATH/CodeIgniter.php(933): App\Controllers\AccountController->index()
 6 SYSTEMPATH/CodeIgniter.php(507): CodeIgniter\CodeIgniter->runController(Object(App\Controllers\AccountController))
 7 SYSTEMPATH/CodeIgniter.php(354): CodeIgniter\CodeIgniter->handleRequest(null, Object(Config\Cache), false)
 8 SYSTEMPATH/Boot.php(363): CodeIgniter\CodeIgniter->run()
 9 SYSTEMPATH/Boot.php(68): CodeIgniter\Boot::runCodeIgniter(Object(CodeIgniter\CodeIgniter))
10 FCPATH/index.php(59): CodeIgniter\Boot::bootWeb(Object(Config\Paths))
CRITICAL - 2025-10-22 16:42:16 --> Error: Call to undefined function form_open()
[Method: GET, Route: account]
in APPPATH/Views/account/index.php on line 285.
 1 SYSTEMPATH/View/View.php(226): include()
 2 SYSTEMPATH/View/View.php(229): CodeIgniter\View\View->{closure:CodeIgniter\View\View::render():223}()
 3 SYSTEMPATH/Common.php(1167): CodeIgniter\View\View->render('account/index', [], true)
 4 APPPATH/Controllers/AccountController.php(94): view('account/index', [...])
 5 SYSTEMPATH/CodeIgniter.php(933): App\Controllers\AccountController->index()
 6 SYSTEMPATH/CodeIgniter.php(507): CodeIgniter\CodeIgniter->runController(Object(App\Controllers\AccountController))
 7 SYSTEMPATH/CodeIgniter.php(354): CodeIgniter\CodeIgniter->handleRequest(null, Object(Config\Cache), false)
 8 SYSTEMPATH/Boot.php(363): CodeIgniter\CodeIgniter->run()
 9 SYSTEMPATH/Boot.php(68): CodeIgniter\Boot::runCodeIgniter(Object(CodeIgniter\CodeIgniter))
10 FCPATH/index.php(59): CodeIgniter\Boot::bootWeb(Object(Config\Paths))
